...running gamma = 0, k = 1
Overriding parameter outdir in section General with value flow_results/K1_gamma_0
Overriding parameter mixing_gamma in section General with value 0
Overriding parameter hill_coefficient in section Goods with value 1
Overriding parameter hill_coefficient in section Toxins with value 1
Using device: cuda:0
Time: 0.0001
Time: 0.010099999999999994
Time: 0.020099999999999934
Time: 0.030099999999999873
Time: 0.04010000000000012
Time: 0.05010000000000041
Time: 0.060100000000000695
Time: 0.07010000000000098
Time: 0.08010000000000127
Time: 0.09010000000000155
Time: 0.10010000000000184
Time: 0.11010000000000213
Time: 0.12010000000000241
Time: 0.130100000000002
Time: 0.1401000000000009
Time: 0.1500999999999998
Time: 0.1600999999999987
Time: 0.1700999999999976
Time: 0.18009999999999649
Time: 0.19009999999999538
Time: 0.20009999999999428
Time: 0.21009999999999318
Time: 0.22009999999999208
Time: 0.23009999999999098
Time: 0.24009999999998988
Time: 0.2500999999999888
Time: 0.2600999999999877
Time: 0.2700999999999866
Time: 0.28009999999998547
Time: 0.29009999999998437
Time: 0.30009999999998327
Time: 0.31009999999998217
Time: 0.32009999999998107
Time: 0.33009999999997997
Time: 0.34009999999997886
Time: 0.35009999999997776
Time: 0.36009999999997666
Time: 0.37009999999997556
Time: 0.38009999999997446
Time: 0.39009999999997336
Time: 0.40009999999997226
Time: 0.41009999999997115
Time: 0.42009999999997005
Time: 0.43009999999996895
Time: 0.44009999999996785
Time: 0.45009999999996675
Time: 0.46009999999996565
Time: 0.47009999999996455
Time: 0.48009999999996344
Time: 0.49009999999996234
Time: 0.5000999999999612
Time: 0.5100999999999601
Time: 0.520099999999959
Time: 0.5300999999999579
Time: 0.5400999999999568
Time: 0.5500999999999557
Time: 0.5600999999999546
Time: 0.5700999999999535
Time: 0.5800999999999524
Time: 0.5900999999999513
Time: 0.6000999999999502
Time: 0.6100999999999491
Time: 0.620099999999948
Time: 0.6300999999999469
Time: 0.6400999999999458
Time: 0.6500999999999447
Time: 0.6600999999999436
Time: 0.6700999999999425
Time: 0.6800999999999414
Time: 0.6900999999999403
Time: 0.7000999999999392
Time: 0.7100999999999381
Time: 0.720099999999937
Time: 0.7300999999999359
Time: 0.7400999999999348
Time: 0.7500999999999337
Time: 0.7600999999999326
Time: 0.7700999999999315
Time: 0.7800999999999304
Time: 0.7900999999999293
Time: 0.8000999999999282
Time: 0.8100999999999271
Time: 0.820099999999926
Time: 0.8300999999999249
Time: 0.8400999999999238
Time: 0.8500999999999227
Time: 0.8600999999999216
Time: 0.8700999999999205
Time: 0.8800999999999194
Time: 0.8900999999999183
Time: 0.9000999999999172
Time: 0.9100999999999161
Time: 0.920099999999915
Time: 0.9300999999999139
Time: 0.9400999999999128
Time: 0.9500999999999117
Time: 0.9600999999999106
Time: 0.9700999999999095
Time: 0.9800999999999084
Time: 0.9900999999999073
Time: 1.0000999999999063
Time: 1.0100999999999052
Time: 1.020099999999904
Time: 1.030099999999903
Time: 1.0400999999999019
Time: 1.0500999999999008
Time: 1.0600999999998997
Time: 1.0700999999998986
Time: 1.0800999999998975
Time: 1.0900999999998964
Time: 1.1000999999998953
Time: 1.1100999999998942
Time: 1.120099999999893
Time: 1.130099999999892
Time: 1.1400999999998909
Time: 1.1500999999998898
Time: 1.1600999999998887
Time: 1.1700999999998876
Time: 1.1800999999998865
Time: 1.1900999999998854
Time: 1.2000999999998843
Time: 1.2100999999998832
Time: 1.220099999999882
Time: 1.230099999999881
Time: 1.2400999999998799
Time: 1.2500999999998788
Time: 1.2600999999998777
Time: 1.2700999999998765
Time: 1.2800999999998754
Time: 1.2900999999998743
Time: 1.3000999999998732
Time: 1.3100999999998721
Time: 1.320099999999871
Time: 1.33009999999987
Time: 1.3400999999998688
Time: 1.3500999999998677
Time: 1.3600999999998666
Time: 1.3700999999998655
Time: 1.3800999999998644
Time: 1.3900999999998633
Time: 1.4000999999998622
Time: 1.4100999999998611
Time: 1.42009999999986
Time: 1.430099999999859
Time: 1.4400999999998578
Time: 1.4500999999998567
Time: 1.4600999999998556
Time: 1.4700999999998545
Time: 1.4800999999998534
Time: 1.4900999999998523
Time: 1.5000999999998512
Time: 1.5100999999998501
Time: 1.520099999999849
Time: 1.530099999999848
Time: 1.5400999999998468
Time: 1.5500999999998457
Time: 1.5600999999998446
Time: 1.5700999999998435
Time: 1.5800999999998424
Time: 1.5900999999998413
Time: 1.6000999999998402
Time: 1.610099999999839
Time: 1.620099999999838
Time: 1.630099999999837
Time: 1.6400999999998358
Time: 1.6500999999998347
Time: 1.6600999999998336
Time: 1.6700999999998325
Time: 1.6800999999998314
Time: 1.6900999999998303
Time: 1.7000999999998292
Time: 1.710099999999828
Time: 1.720099999999827
Time: 1.7300999999998259
Time: 1.7400999999998248
Time: 1.7500999999998237
Time: 1.7600999999998226
Time: 1.7700999999998215
Time: 1.7800999999998204
Time: 1.7900999999998193
Time: 1.8000999999998182
Time: 1.810099999999817
Time: 1.820099999999816
Time: 1.8300999999998149
Time: 1.8400999999998138
Time: 1.8500999999998127
Time: 1.8600999999998116
Time: 1.8700999999998105
Time: 1.8800999999998094
Time: 1.8900999999998083
Time: 1.9000999999998072
Time: 1.910099999999806
Time: 1.920099999999805
Time: 1.9300999999998039
Time: 1.9400999999998028
Time: 1.9500999999998017
Time: 1.9600999999998006
Time: 1.9700999999997995
Time: 1.9800999999997984
Time: 1.9900999999997973
Time: 2.0000999999997964
Time: 2.0100999999998175
Time: 2.0200999999998386
Time: 2.0300999999998597
Time: 2.040099999999881
Time: 2.050099999999902
Time: 2.060099999999923
Time: 2.070099999999944
Time: 2.080099999999965
Time: 2.0900999999999863
Time: 2.1001000000000074
Time: 2.1101000000000285
Time: 2.1201000000000496
Time: 2.1301000000000707
Time: 2.140100000000092
Time: 2.150100000000113
Time: 2.160100000000134
Time: 2.170100000000155
Time: 2.1801000000001762
Time: 2.1901000000001973
Time: 2.2001000000002184
Time: 2.2101000000002395
Time: 2.2201000000002606
Time: 2.2301000000002817
Time: 2.240100000000303
Time: 2.250100000000324
Time: 2.260100000000345
Time: 2.270100000000366
Time: 2.2801000000003873
Time: 2.2901000000004084
Time: 2.3001000000004295
Time: 2.3101000000004506
Time: 2.3201000000004717
Time: 2.3301000000004928
Time: 2.340100000000514
Time: 2.350100000000535
Time: 2.360100000000556
Time: 2.370100000000577
Time: 2.3801000000005983
Time: 2.3901000000006194
Time: 2.4001000000006405
Time: 2.4101000000006616
Time: 2.4201000000006827
Time: 2.430100000000704
Time: 2.440100000000725
Time: 2.450100000000746
Time: 2.460100000000767
Time: 2.470100000000788
Time: 2.4801000000008093
Time: 2.4901000000008304
Time: 2.5001000000008515
Time: 2.5101000000008726
Time: 2.5201000000008937
Time: 2.530100000000915
Time: 2.540100000000936
Time: 2.550100000000957
Time: 2.560100000000978
Time: 2.5701000000009993
Time: 2.5801000000010204
Time: 2.5901000000010415
Time: 2.6001000000010626
Time: 2.6101000000010837
Time: 2.6201000000011048
Time: 2.630100000001126
Time: 2.640100000001147
Time: 2.650100000001168
Time: 2.660100000001189
Time: 2.6701000000012103
Time: 2.6801000000012314
Time: 2.6901000000012525
Time: 2.7001000000012736
Time: 2.7101000000012947
Time: 2.720100000001316
Time: 2.730100000001337
Time: 2.740100000001358
Time: 2.750100000001379
Time: 2.7601000000014
Time: 2.7701000000014213
Time: 2.7801000000014424
Time: 2.7901000000014635
Time: 2.8001000000014846
Time: 2.8101000000015057
Time: 2.820100000001527
Time: 2.830100000001548
Time: 2.840100000001569
Time: 2.85010000000159
Time: 2.8601000000016112
Time: 2.8701000000016323
Time: 2.8801000000016534
Time: 2.8901000000016746
Time: 2.9001000000016957
Time: 2.9101000000017168
Time: 2.920100000001738
Time: 2.930100000001759
Time: 2.94010000000178
Time: 2.950100000001801
Time: 2.9601000000018223
Time: 2.9701000000018434
Time: 2.9801000000018645
Time: 2.9901000000018856
Time: 3.0001000000019067
Time: 3.010100000001928
Time: 3.020100000001949
Time: 3.03010000000197
Time: 3.040100000001991
Time: 3.050100000002012
Time: 3.0601000000020333
Time: 3.0701000000020544
Time: 3.0801000000020755
Time: 3.0901000000020966
Time: 3.1001000000021177
Time: 3.110100000002139
Time: 3.12010000000216
Time: 3.130100000002181
Time: 3.140100000002202
Time: 3.1501000000022232
Time: 3.1601000000022443
Time: 3.1701000000022654
Time: 3.1801000000022865
Time: 3.1901000000023076
Time: 3.2001000000023287
Time: 3.21010000000235
Time: 3.220100000002371
Time: 3.230100000002392
Time: 3.240100000002413
Time: 3.2501000000024343
Time: 3.2601000000024554
Time: 3.2701000000024765
Time: 3.2801000000024976
Time: 3.2901000000025187
Time: 3.30010000000254
Time: 3.310100000002561
Time: 3.320100000002582
Time: 3.330100000002603
Time: 3.340100000002624
Time: 3.3501000000026453
Time: 3.3601000000026664
Time: 3.3701000000026875
Time: 3.3801000000027086
Time: 3.3901000000027297
Time: 3.400100000002751
Time: 3.410100000002772
Time: 3.420100000002793
Time: 3.430100000002814
Time: 3.4401000000028352
Time: 3.4501000000028563
Time: 3.4601000000028774
Time: 3.4701000000028985
Time: 3.4801000000029196
Time: 3.4901000000029407
Time: 3.500100000002962
Time: 3.510100000002983
Time: 3.520100000003004
Time: 3.530100000003025
Time: 3.5401000000030463
Time: 3.5501000000030674
Time: 3.5601000000030885
Time: 3.5701000000031096
Time: 3.5801000000031307
Time: 3.5901000000031518
Time: 3.600100000003173
Time: 3.610100000003194
Time: 3.620100000003215
Time: 3.630100000003236
Time: 3.6401000000032573
Time: 3.6501000000032784
Time: 3.6601000000032995
Time: 3.6701000000033206
Time: 3.6801000000033417
Time: 3.690100000003363
Time: 3.700100000003384
Time: 3.710100000003405
Time: 3.720100000003426
Time: 3.730100000003447
Time: 3.7401000000034683
Time: 3.7501000000034894
Time: 3.7601000000035105
Time: 3.7701000000035316
Time: 3.7801000000035527
Time: 3.790100000003574
Time: 3.800100000003595
Time: 3.810100000003616
Time: 3.820100000003637
Time: 3.8301000000036582
Time: 3.8401000000036793
Time: 3.8501000000037005
Time: 3.8601000000037216
Time: 3.8701000000037427
Time: 3.8801000000037638
Time: 3.890100000003785
Time: 3.900100000003806
Time: 3.910100000003827
Time: 3.920100000003848
Time: 3.9301000000038693
Time: 3.9401000000038904
Time: 3.9501000000039115
Time: 3.9601000000039326
Time: 3.9701000000039537
Time: 3.980100000003975
Time: 3.990100000003996
Time: 4.000100000004016
Time: 4.010100000003993
Time: 4.0201000000039695
Time: 4.030100000003946
Time: 4.040100000003923
Time: 4.0501000000039
Time: 4.060100000003876
Time: 4.070100000003853
Time: 4.08010000000383
Time: 4.090100000003806
Time: 4.100100000003783
Time: 4.11010000000376
Time: 4.120100000003736
Time: 4.130100000003713
Time: 4.14010000000369
Time: 4.1501000000036665
Time: 4.160100000003643
Time: 4.17010000000362
Time: 4.180100000003597
Time: 4.190100000003573
Time: 4.20010000000355
Time: 4.210100000003527
Time: 4.220100000003503
Time: 4.23010000000348
Time: 4.240100000003457
Time: 4.2501000000034335
Time: 4.26010000000341
Time: 4.270100000003387
Time: 4.2801000000033635
Time: 4.29010000000334
Time: 4.300100000003317
Time: 4.310100000003294
Time: 4.32010000000327
Time: 4.330100000003247
Time: 4.340100000003224
Time: 4.3501000000032
Time: 4.360100000003177
Time: 4.370100000003154
Time: 4.3801000000031305
Time: 4.390100000003107
Time: 4.400100000003084
Time: 4.410100000003061
Time: 4.420100000003037
Time: 4.430100000003014
Time: 4.440100000002991
Time: 4.450100000002967
Time: 4.460100000002944
Time: 4.470100000002921
Time: 4.480100000002897
Time: 4.490100000002874
Time: 4.500100000002851
Time: 4.5101000000028275
Time: 4.520100000002804
Time: 4.530100000002781
Time: 4.540100000002758
Time: 4.550100000002734
Time: 4.560100000002711
Time: 4.570100000002688
Time: 4.580100000002664
Time: 4.590100000002641
Time: 4.600100000002618
Time: 4.6101000000025945
Time: 4.620100000002571
Time: 4.630100000002548
Time: 4.6401000000025245
Time: 4.650100000002501
Time: 4.660100000002478
Time: 4.670100000002455
Time: 4.680100000002431
Time: 4.690100000002408
Time: 4.700100000002385
Time: 4.710100000002361
Time: 4.720100000002338
Time: 4.730100000002315
Time: 4.7401000000022915
Time: 4.750100000002268
Time: 4.760100000002245
Time: 4.770100000002222
Time: 4.780100000002198
Time: 4.790100000002175
Time: 4.800100000002152
Time: 4.810100000002128
Time: 4.820100000002105
Time: 4.830100000002082
Time: 4.840100000002058
Time: 4.850100000002035
Time: 4.860100000002012
Time: 4.8701000000019885
Time: 4.880100000001965
Time: 4.890100000001942
Time: 4.900100000001919
Time: 4.910100000001895
Time: 4.920100000001872
Time: 4.930100000001849
Time: 4.940100000001825
Time: 4.950100000001802
Time: 4.960100000001779
Time: 4.9701000000017554
Time: 4.980100000001732
Time: 4.990100000001709
Time: 5.0001000000016855
Time: 5.010100000001662
Time: 5.020100000001639
Time: 5.030100000001616
Time: 5.040100000001592
Time: 5.050100000001569
Time: 5.060100000001546
Time: 5.070100000001522
Time: 5.080100000001499
Time: 5.090100000001476
Time: 5.1001000000014525
Time: 5.110100000001429
Time: 5.120100000001406
Time: 5.1301000000013826
Time: 5.140100000001359
Time: 5.150100000001336
Time: 5.160100000001313
Time: 5.170100000001289
Time: 5.180100000001266
Time: 5.190100000001243
Time: 5.200100000001219
Time: 5.210100000001196
Time: 5.220100000001173
Time: 5.2301000000011495
Time: 5.240100000001126
Time: 5.250100000001103
Time: 5.26010000000108
Time: 5.270100000001056
Time: 5.280100000001033
Time: 5.29010000000101
Time: 5.300100000000986
Time: 5.310100000000963
Time: 5.32010000000094
Time: 5.330100000000916
Time: 5.340100000000893
Time: 5.35010000000087
Time: 5.3601000000008465
Time: 5.370100000000823
Time: 5.3801000000008
Time: 5.390100000000777
Time: 5.400100000000753
Time: 5.41010000000073
Time: 5.420100000000707
Time: 5.430100000000683
Time: 5.44010000000066
Time: 5.450100000000637
Time: 5.4601000000006135
Time: 5.47010000000059
Time: 5.480100000000567
Time: 5.4901000000005435
Time: 5.50010000000052
Time: 5.510100000000497
Time: 5.520100000000474
Time: 5.53010000000045
Time: 5.540100000000427
Time: 5.550100000000404
Time: 5.56010000000038
Time: 5.570100000000357
Time: 5.580100000000334
Time: 5.5901000000003105
Time: 5.600100000000287
Time: 5.610100000000264
Time: 5.620100000000241
Time: 5.630100000000217
Time: 5.640100000000194
Time: 5.650100000000171
Time: 5.660100000000147
Time: 5.670100000000124
Time: 5.680100000000101
Time: 5.690100000000077
Time: 5.700100000000054
Time: 5.710100000000031
Time: 5.7201000000000075
Time: 5.730099999999984
Time: 5.740099999999961
Time: 5.750099999999938
Time: 5.760099999999914
Time: 5.770099999999891
Time: 5.780099999999868
Time: 5.790099999999844
Time: 5.800099999999821
Time: 5.810099999999798
Time: 5.8200999999997745
Time: 5.830099999999751
Time: 5.840099999999728
Time: 5.8500999999997045
Time: 5.860099999999681
Time: 5.870099999999658
Time: 5.880099999999635
Time: 5.890099999999611
Time: 5.900099999999588
Time: 5.910099999999565
Time: 5.920099999999541
Time: 5.930099999999518
Time: 5.940099999999495
Time: 5.9500999999994715
Time: 5.960099999999448
Time: 5.970099999999425
Time: 5.980099999999402
Time: 5.990099999999378
Time: 6.000099999999355
Time: 6.010099999999332
Time: 6.020099999999308
Time: 6.030099999999285
Time: 6.040099999999262
Time: 6.050099999999238
Time: 6.060099999999215
Time: 6.070099999999192
Time: 6.0800999999991685
Time: 6.090099999999145
Time: 6.100099999999122
Time: 6.110099999999099
Time: 6.120099999999075
Time: 6.130099999999052
Time: 6.140099999999029
Time: 6.150099999999005
Time: 6.160099999998982
Time: 6.170099999998959
Time: 6.1800999999989354
Time: 6.190099999998912
Time: 6.200099999998889
Time: 6.2100999999988655
Time: 6.220099999998842
Time: 6.230099999998819
Time: 6.240099999998796
Time: 6.250099999998772
Time: 6.260099999998749
Time: 6.270099999998726
Time: 6.280099999998702
Time: 6.290099999998679
Time: 6.300099999998656
Time: 6.3100999999986325
Time: 6.320099999998609
Time: 6.330099999998586
Time: 6.3400999999985626
Time: 6.350099999998539
Time: 6.360099999998516
Time: 6.370099999998493
Time: 6.380099999998469
Time: 6.390099999998446
Time: 6.400099999998423
Time: 6.410099999998399
Time: 6.420099999998376
Time: 6.430099999998353
Time: 6.4400999999983295
Time: 6.450099999998306
Time: 6.460099999998283
Time: 6.47009999999826
Time: 6.480099999998236
Time: 6.490099999998213
Time: 6.50009999999819
Time: 6.510099999998166
Time: 6.520099999998143
Time: 6.53009999999812
Time: 6.540099999998096
Time: 6.550099999998073
Time: 6.56009999999805
Time: 6.5700999999980265
Time: 6.580099999998003
Time: 6.59009999999798
Time: 6.600099999997957
Time: 6.610099999997933
Time: 6.62009999999791
Time: 6.630099999997887
Time: 6.640099999997863
Time: 6.65009999999784
Time: 6.660099999997817
Time: 6.6700999999977935
Time: 6.68009999999777
Time: 6.690099999997747
Time: 6.7000999999977235
Time: 6.7100999999977
Time: 6.720099999997677
Time: 6.730099999997654
Time: 6.74009999999763
Time: 6.750099999997607
Time: 6.760099999997584
Time: 6.77009999999756
Time: 6.780099999997537
Time: 6.790099999997514
Time: 6.8000999999974905
Time: 6.810099999997467
Time: 6.820099999997444
Time: 6.830099999997421
Time: 6.840099999997397
Time: 6.850099999997374
Time: 6.860099999997351
Time: 6.870099999997327
Time: 6.880099999997304
Time: 6.890099999997281
Time: 6.900099999997257
Time: 6.910099999997234
Time: 6.920099999997211
Time: 6.9300999999971875
Time: 6.940099999997164
Time: 6.950099999997141
Time: 6.960099999997118
Time: 6.970099999997094
Time: 6.980099999997071
Time: 6.990099999997048
Time: 7.000099999997024
Time: 7.010099999997001
Time: 7.020099999996978
Time: 7.0300999999969545
Time: 7.040099999996931
Time: 7.050099999996908
Time: 7.0600999999968845
Time: 7.070099999996861
Time: 7.080099999996838
Time: 7.090099999996815
Time: 7.100099999996791
Time: 7.110099999996768
Time: 7.120099999996745
Time: 7.130099999996721
Time: 7.140099999996698
Time: 7.150099999996675
Time: 7.1600999999966515
Time: 7.170099999996628
Time: 7.180099999996605
Time: 7.190099999996582
Time: 7.200099999996558
Time: 7.210099999996535
Time: 7.220099999996512
Time: 7.230099999996488
Time: 7.240099999996465
Time: 7.250099999996442
Time: 7.260099999996418
Time: 7.270099999996395
Time: 7.280099999996372
Time: 7.2900999999963485
Time: 7.300099999996325
Time: 7.310099999996302
Time: 7.320099999996279
Time: 7.330099999996255
Time: 7.340099999996232
Time: 7.350099999996209
Time: 7.360099999996185
Time: 7.370099999996162
Time: 7.380099999996139
Time: 7.390099999996115
Time: 7.400099999996092
Time: 7.410099999996069
Time: 7.4200999999960455
Time: 7.430099999996022
Time: 7.440099999995999
Time: 7.450099999995976
Time: 7.460099999995952
Time: 7.470099999995929
Time: 7.480099999995906
Time: 7.490099999995882
Time: 7.500099999995859
Time: 7.510099999995836
Time: 7.5200999999958125
Time: 7.530099999995789
Time: 7.540099999995766
Time: 7.5500999999957426
Time: 7.560099999995719
Time: 7.570099999995696
Time: 7.580099999995673
Time: 7.590099999995649
Time: 7.600099999995626
Time: 7.610099999995603
Time: 7.620099999995579
Time: 7.630099999995556
Time: 7.640099999995533
Time: 7.6500999999955095
Time: 7.660099999995486
Time: 7.670099999995463
Time: 7.68009999999544
Time: 7.690099999995416
Time: 7.700099999995393
Time: 7.71009999999537
Time: 7.720099999995346
Time: 7.730099999995323
Time: 7.7400999999953
Time: 7.750099999995276
Time: 7.760099999995253
Time: 7.77009999999523
Time: 7.7800999999952065
Time: 7.790099999995183
Time: 7.80009999999516
Time: 7.810099999995137
Time: 7.820099999995113
Time: 7.83009999999509
Time: 7.840099999995067
Time: 7.850099999995043
Time: 7.86009999999502
Time: 7.870099999994997
Time: 7.8800999999949735
Time: 7.89009999999495
Time: 7.900099999994927
Time: 7.9100999999949035
Time: 7.92009999999488
Time: 7.930099999994857
Time: 7.940099999994834
Time: 7.95009999999481
Time: 7.960099999994787
Time: 7.970099999994764
Time: 7.98009999999474
Time: 7.990099999994717
Time: 8.000099999994694
Time: 8.01009999999467
Time: 8.020099999994647
Time: 8.030099999994624
Time: 8.0400999999946
Time: 8.050099999994577
Time: 8.060099999994554
Time: 8.07009999999453
Time: 8.080099999994507
Time: 8.090099999994484
Time: 8.10009999999446
Time: 8.110099999994437
Time: 8.120099999994414
Time: 8.13009999999439
Time: 8.140099999994368
Time: 8.150099999994344
Time: 8.160099999994321
Time: 8.170099999994298
Time: 8.180099999994274
Time: 8.190099999994251
Time: 8.200099999994228
Time: 8.210099999994204
Time: 8.220099999994181
Time: 8.230099999994158
Time: 8.240099999994134
Time: 8.250099999994111
Time: 8.260099999994088
Time: 8.270099999994065
Time: 8.280099999994041
Time: 8.290099999994018
Time: 8.300099999993995
Time: 8.310099999993971
Time: 8.320099999993948
Time: 8.330099999993925
Time: 8.340099999993901
Time: 8.350099999993878
Time: 8.360099999993855
Time: 8.370099999993831
Time: 8.380099999993808
Time: 8.390099999993785
Time: 8.400099999993762
Time: 8.410099999993738
Time: 8.420099999993715
Time: 8.430099999993692
Time: 8.440099999993668
Time: 8.450099999993645
Time: 8.460099999993622
Time: 8.470099999993598
Time: 8.480099999993575
Time: 8.490099999993552
Time: 8.500099999993528
Time: 8.510099999993505
Time: 8.520099999993482
Time: 8.530099999993459
Time: 8.540099999993435
Time: 8.550099999993412
Time: 8.560099999993389
Time: 8.570099999993365
Time: 8.580099999993342
Time: 8.590099999993319
Time: 8.600099999993295
Time: 8.610099999993272
Time: 8.620099999993249
Time: 8.630099999993226
Time: 8.640099999993202
Time: 8.650099999993179
Time: 8.660099999993156
Time: 8.670099999993132
Time: 8.680099999993109
Time: 8.690099999993086
Time: 8.700099999993062
Time: 8.710099999993039
Time: 8.720099999993016
Time: 8.730099999992992
Time: 8.74009999999297
Time: 8.750099999992946
Time: 8.760099999992923
Time: 8.7700999999929
Time: 8.780099999992876
Time: 8.790099999992853
Time: 8.80009999999283
Time: 8.810099999992806
Time: 8.820099999992783
Time: 8.83009999999276
Time: 8.840099999992736
Time: 8.850099999992713
Time: 8.86009999999269
Time: 8.870099999992666
Time: 8.880099999992643
Time: 8.89009999999262
Time: 8.900099999992596
Time: 8.910099999992573
Time: 8.92009999999255
Time: 8.930099999992526
Time: 8.940099999992503
Time: 8.95009999999248
Time: 8.960099999992456
Time: 8.970099999992433
Time: 8.98009999999241
Time: 8.990099999992387
Time: 9.000099999992363
Time: 9.01009999999234
Time: 9.020099999992317
Time: 9.030099999992293
Time: 9.04009999999227
Time: 9.050099999992247
Time: 9.060099999992223
Time: 9.0700999999922
Time: 9.080099999992177
Time: 9.090099999992153
Time: 9.10009999999213
Time: 9.110099999992107
Time: 9.120099999992084
Time: 9.13009999999206
Time: 9.140099999992037
Time: 9.150099999992014
Time: 9.16009999999199
Time: 9.170099999991967
Time: 9.180099999991944
Time: 9.19009999999192
Time: 9.200099999991897
Time: 9.210099999991874
Time: 9.22009999999185
Time: 9.230099999991827
Time: 9.240099999991804
Time: 9.25009999999178
Time: 9.260099999991757
Time: 9.270099999991734
Time: 9.28009999999171
Time: 9.290099999991687
Time: 9.300099999991664
Time: 9.31009999999164
Time: 9.320099999991617
Time: 9.330099999991594
Time: 9.34009999999157
Time: 9.350099999991548
Time: 9.360099999991524
Time: 9.370099999991501
Time: 9.380099999991478
Time: 9.390099999991454
Time: 9.400099999991431
Time: 9.410099999991408
Time: 9.420099999991384
Time: 9.430099999991361
Time: 9.440099999991338
Time: 9.450099999991314
Time: 9.460099999991291
Time: 9.470099999991268
Time: 9.480099999991245
Time: 9.490099999991221
Time: 9.500099999991198
Time: 9.510099999991175
Time: 9.520099999991151
Time: 9.530099999991128
Time: 9.540099999991105
Time: 9.550099999991081
Time: 9.560099999991058
Time: 9.570099999991035
Time: 9.580099999991011
Time: 9.590099999990988
Time: 9.600099999990965
Time: 9.610099999990942
Time: 9.620099999990918
Time: 9.630099999990895
Time: 9.640099999990872
Time: 9.650099999990848
Time: 9.660099999990825
Time: 9.670099999990802
Time: 9.680099999990778
Time: 9.690099999990755
Time: 9.700099999990732
Time: 9.710099999990708
Time: 9.720099999990685
Time: 9.730099999990662
Time: 9.740099999990639
Time: 9.750099999990615
Time: 9.760099999990592
Time: 9.770099999990569
Time: 9.780099999990545
Time: 9.790099999990522
Time: 9.800099999990499
Time: 9.810099999990475
Time: 9.820099999990452
Time: 9.830099999990429
Time: 9.840099999990406
Time: 9.850099999990382
Time: 9.860099999990359
Time: 9.870099999990336
Time: 9.880099999990312
Time: 9.890099999990289
Time: 9.900099999990266
Time: 9.910099999990242
Time: 9.920099999990219
Time: 9.930099999990196
Time: 9.940099999990172
Time: 9.95009999999015
Time: 9.960099999990126
Time: 9.970099999990103
Time: 9.98009999999008
Time: 9.990099999990056
Time: 10.000099999990033
Time: 10.01009999999001
Time: 10.020099999989986
Time: 10.030099999989963
Time: 10.04009999998994
Time: 10.050099999989916
Time: 10.060099999989893
Time: 10.07009999998987
Time: 10.080099999989846
Time: 10.090099999989823
Time: 10.1000999999898
Time: 10.110099999989776
Time: 10.120099999989753
Time: 10.13009999998973
Time: 10.140099999989706
Time: 10.150099999989683
Time: 10.16009999998966
Time: 10.170099999989636
Time: 10.180099999989613
Time: 10.19009999998959
Time: 10.200099999989567
Time: 10.210099999989543
Time: 10.22009999998952
Time: 10.230099999989497
Time: 10.240099999989473
Time: 10.25009999998945
Time: 10.260099999989427
Time: 10.270099999989403
Time: 10.28009999998938
Time: 10.290099999989357
Time: 10.300099999989333
Time: 10.31009999998931
Time: 10.320099999989287
Time: 10.330099999989264
Time: 10.34009999998924
Time: 10.350099999989217
Time: 10.360099999989194
Time: 10.37009999998917
Time: 10.380099999989147
Time: 10.390099999989124
Time: 10.4000999999891
Time: 10.410099999989077
Time: 10.420099999989054
Time: 10.43009999998903
Time: 10.440099999989007
Time: 10.450099999988984
Time: 10.46009999998896
Time: 10.470099999988937
Time: 10.480099999988914
Time: 10.49009999998889
Time: 10.500099999988867
Time: 10.510099999988844
Time: 10.52009999998882
Time: 10.530099999988797
Time: 10.540099999988774
Time: 10.55009999998875
Time: 10.560099999988728
Time: 10.570099999988704
Time: 10.580099999988681
Time: 10.590099999988658
Time: 10.600099999988634
Time: 10.610099999988611
Time: 10.620099999988588
Time: 10.630099999988564
Time: 10.640099999988541
Time: 10.650099999988518
Time: 10.660099999988494
Time: 10.670099999988471
Time: 10.680099999988448
Time: 10.690099999988425
Time: 10.700099999988401
Time: 10.710099999988378
Time: 10.720099999988355
Time: 10.730099999988331
Time: 10.740099999988308
Time: 10.750099999988285
Time: 10.760099999988261
Time: 10.770099999988238
Time: 10.780099999988215
Time: 10.790099999988191
Time: 10.800099999988168
Time: 10.810099999988145
Time: 10.820099999988122
Time: 10.830099999988098
Time: 10.840099999988075
Time: 10.850099999988052
Time: 10.860099999988028
Time: 10.870099999988005
Time: 10.880099999987982
Time: 10.890099999987958
Time: 10.900099999987935
Time: 10.910099999987912
Time: 10.920099999987888
Time: 10.930099999987865
Time: 10.940099999987842
Time: 10.950099999987819
Time: 10.960099999987795
Time: 10.970099999987772
Time: 10.980099999987749
Time: 10.990099999987725
Time: 11.000099999987702


Done!


